{
  "stats": {
    "suites": 1,
    "tests": 2,
    "passes": 1,
    "pending": 0,
    "failures": 1,
    "start": "2021-12-21T14:38:21.467Z",
    "end": "2021-12-21T14:39:08.672Z",
    "duration": 47205,
    "testsRegistered": 2,
    "passPercent": 50,
    "pendingPercent": 0,
    "other": 0,
    "hasOther": false,
    "skipped": 0,
    "hasSkipped": false
  },
  "results": [
    {
      "uuid": "ad863be3-088c-4b0a-9021-beb5782d602e",
      "title": "",
      "fullFile": "",
      "file": "",
      "beforeHooks": [],
      "afterHooks": [],
      "tests": [],
      "suites": [
        {
          "uuid": "d51e0fd7-f5c0-4b88-a27f-2748f5c559f9",
          "title": "Test your test",
          "fullFile": "/workspaces/MVP/test/bdd.test.js",
          "file": "/test/bdd.test.js",
          "beforeHooks": [
            {
              "title": "\"before all\" hook in \"Test your test\"",
              "fullTitle": "Test your test \"before all\" hook in \"Test your test\"",
              "timedOut": false,
              "duration": 5795,
              "state": null,
              "speed": null,
              "pass": false,
              "fail": false,
              "pending": false,
              "context": null,
              "code": "// Start test\nawait suitest.openApp();\n//await startApp();\n    //await checkOSDMetaData();",
              "err": {},
              "uuid": "889e2bc2-8247-40dd-ab16-9363bc862035",
              "parentUUID": "d51e0fd7-f5c0-4b88-a27f-2748f5c559f9",
              "isHook": true,
              "skipped": false
            }
          ],
          "afterHooks": [
            {
              "title": "\"after all\" hook in \"Test your test\"",
              "fullTitle": "Test your test \"after all\" hook in \"Test your test\"",
              "timedOut": false,
              "duration": 0,
              "state": null,
              "speed": null,
              "pass": false,
              "fail": false,
              "pending": false,
              "context": null,
              "code": "// End test",
              "err": {},
              "uuid": "4d065cf9-d3fc-46c1-b683-5628fdaa2e67",
              "parentUUID": "d51e0fd7-f5c0-4b88-a27f-2748f5c559f9",
              "isHook": true,
              "skipped": false
            }
          ],
          "tests": [
            {
              "title": "check channel list",
              "fullTitle": "Test your test check channel list",
              "timedOut": false,
              "duration": 3930,
              "state": "passed",
              "speed": "slow",
              "pass": true,
              "fail": false,
              "pending": false,
              "context": null,
              "code": "await openChannelList();",
              "err": {},
              "uuid": "5083903b-6a9b-4454-abfd-7fbe8ccff309",
              "parentUUID": "d51e0fd7-f5c0-4b88-a27f-2748f5c559f9",
              "isHook": false,
              "skipped": false
            },
            {
              "title": "check side Menu",
              "fullTitle": "Test your test check side Menu",
              "timedOut": false,
              "duration": 37448,
              "state": "failed",
              "speed": null,
              "pass": false,
              "fail": true,
              "pending": false,
              "context": null,
              "code": "await openMenu();",
              "err": {
                "message": "AssertionError: ✖ Press button LEFT until condition is met max 7x every 1s\n  ✖ //FrameLayout[3]//RelativeLayout[1]/f[@id=\"list_item_nav_title\"] exists\n  fail: Subject does not exist",
                "estack": "Error\n    at openMenu (scripts/common.js:49:20)\n    at Context.<anonymous> (test/bdd.test.js:30:9)\n    at processImmediate (node:internal/timers:464:21)",
                "diff": null
              },
              "uuid": "e381cfa6-b265-4085-a188-bf6e8277eed2",
              "parentUUID": "d51e0fd7-f5c0-4b88-a27f-2748f5c559f9",
              "isHook": false,
              "skipped": false
            }
          ],
          "suites": [],
          "passes": [
            "5083903b-6a9b-4454-abfd-7fbe8ccff309"
          ],
          "failures": [
            "e381cfa6-b265-4085-a188-bf6e8277eed2"
          ],
          "pending": [],
          "skipped": [],
          "duration": 41378,
          "root": false,
          "rootEmpty": false,
          "_timeout": 0
        }
      ],
      "passes": [],
      "failures": [],
      "pending": [],
      "skipped": [],
      "duration": 0,
      "root": true,
      "rootEmpty": true,
      "_timeout": 0
    }
  ],
  "meta": {
    "mocha": {
      "version": "9.1.3"
    },
    "mochawesome": {
      "options": {
        "quiet": false,
        "reportFilename": "mochawesome",
        "saveHtml": true,
        "saveJson": true,
        "consoleReporter": "spec",
        "useInlineDiffs": false,
        "code": true
      },
      "version": "7.0.1"
    },
    "marge": {
      "options": null,
      "version": "6.0.1"
    }
  }
}